<?xml version="1.0" encoding="UTF-8"?>
<testng-results ignored="0" total="1" passed="1" failed="0" skipped="0">
  <reporter-output>
    <line>
      <![CDATA[JDBC Connected]]>
    </line>
  </reporter-output>
  <suite started-at="2024-01-04T14:13:02 IST" name="Default suite" finished-at="2024-01-04T14:13:25 IST" duration-ms="23760">
    <groups>
      <group name="RegressionSuite">
        <method signature="EditExistingProduct.m9()[pri:0, instance:com.vtiger.producttestcase.EditExistingProduct@15bb5034]" name="m9" class="com.vtiger.producttestcase.EditExistingProduct"/>
      </group> <!-- RegressionSuite -->
    </groups>
    <test started-at="2024-01-04T14:13:02 IST" name="Default test" finished-at="2024-01-04T14:13:25 IST" duration-ms="23760">
      <class name="com.vtiger.producttestcase.EditExistingProduct">
        <test-method is-config="true" signature="ConnectJDBC()[pri:0, instance:com.vtiger.producttestcase.EditExistingProduct@15bb5034]" started-at="2024-01-04T14:13:02 IST" name="ConnectJDBC" finished-at="2024-01-04T14:13:02 IST" duration-ms="17" status="PASS">
          <reporter-output>
            <line>
              <![CDATA[JDBC Connected]]>
            </line>
          </reporter-output>
        </test-method> <!-- ConnectJDBC -->
        <test-method is-config="true" signature="setup()[pri:0, instance:com.vtiger.producttestcase.EditExistingProduct@15bb5034]" started-at="2024-01-04T14:13:02 IST" name="setup" finished-at="2024-01-04T14:13:05 IST" duration-ms="3663" status="PASS">
          <reporter-output>
          </reporter-output>
        </test-method> <!-- setup -->
        <test-method is-config="true" signature="login()[pri:0, instance:com.vtiger.producttestcase.EditExistingProduct@15bb5034]" started-at="2024-01-04T14:13:05 IST" name="login" finished-at="2024-01-04T14:13:08 IST" duration-ms="3022" status="PASS">
          <reporter-output>
          </reporter-output>
        </test-method> <!-- login -->
        <test-method signature="m9()[pri:0, instance:com.vtiger.producttestcase.EditExistingProduct@15bb5034]" started-at="2024-01-04T14:13:08 IST" name="m9" finished-at="2024-01-04T14:13:23 IST" duration-ms="14449" status="PASS">
          <reporter-output>
          </reporter-output>
        </test-method> <!-- m9 -->
        <test-method is-config="true" signature="logout()[pri:0, instance:com.vtiger.producttestcase.EditExistingProduct@15bb5034]" started-at="2024-01-04T14:13:23 IST" name="logout" finished-at="2024-01-04T14:13:25 IST" duration-ms="2164" status="PASS">
          <reporter-output>
          </reporter-output>
        </test-method> <!-- logout -->
        <test-method is-config="true" signature="tearup()[pri:0, instance:com.vtiger.producttestcase.EditExistingProduct@15bb5034]" started-at="2024-01-04T14:13:25 IST" name="tearup" finished-at="2024-01-04T14:13:25 IST" duration-ms="379" status="PASS">
          <reporter-output>
          </reporter-output>
        </test-method> <!-- tearup -->
      </class> <!-- com.vtiger.producttestcase.EditExistingProduct -->
    </test> <!-- Default test -->
  </suite> <!-- Default suite -->
</testng-results>
